[debug] [2021-06-12T08:06:35.857Z] ----------------------------------------------------------------------
[debug] [2021-06-12T08:06:35.859Z] Command:       /home/sajid/.nvm/versions/node/v14.15.1/bin/node /home/sajid/.nvm/versions/node/v14.15.1/bin/firebase deploy
[debug] [2021-06-12T08:06:35.859Z] CLI Version:   9.12.1
[debug] [2021-06-12T08:06:35.859Z] Platform:      linux
[debug] [2021-06-12T08:06:35.859Z] Node Version:  v14.15.1
[debug] [2021-06-12T08:06:35.862Z] Time:          Sat Jun 12 2021 13:36:35 GMT+0530 (India Standard Time)
[debug] [2021-06-12T08:06:35.862Z] ----------------------------------------------------------------------
[debug] 
[debug] [2021-06-12T08:06:35.870Z] > command requires scopes: ["email","openid","https://www.googleapis.com/auth/cloudplatformprojects.readonly","https://www.googleapis.com/auth/firebase","https://www.googleapis.com/auth/cloud-platform"]
[debug] [2021-06-12T08:06:35.871Z] > authorizing via signed-in user (sajeeds63@gmail.com)
[debug] [2021-06-12T08:06:35.871Z] [iam] checking project topmetrictechnologies for permissions ["firebase.projects.get","firebasehosting.sites.update"]
[debug] [2021-06-12T08:06:35.873Z] > refreshing access token with scopes: ["email","https://www.googleapis.com/auth/cloud-platform","https://www.googleapis.com/auth/cloudplatformprojects.readonly","https://www.googleapis.com/auth/firebase","openid"]
[debug] [2021-06-12T08:06:35.874Z] >>> HTTP REQUEST POST https://www.googleapis.com/oauth2/v3/token  
 <request body omitted>
[debug] [2021-06-12T08:06:36.058Z] <<< HTTP RESPONSE 200 {"pragma":"no-cache","cache-control":"no-cache, no-store, max-age=0, must-revalidate","date":"Sat, 12 Jun 2021 08:06:36 GMT","expires":"Mon, 01 Jan 1990 00:00:00 GMT","content-type":"application/json; charset=utf-8","vary":"X-Origin, Referer, Origin,Accept-Encoding","server":"scaffolding on HTTPServer2","x-xss-protection":"0","x-frame-options":"SAMEORIGIN","x-content-type-options":"nosniff","alt-svc":"h3=\":443\"; ma=2592000,h3-29=\":443\"; ma=2592000,h3-T051=\":443\"; ma=2592000,h3-Q050=\":443\"; ma=2592000,h3-Q046=\":443\"; ma=2592000,h3-Q043=\":443\"; ma=2592000,quic=\":443\"; ma=2592000; v=\"46,43\"","accept-ranges":"none","transfer-encoding":"chunked"}
[debug] [2021-06-12T08:06:36.074Z] >>> HTTP REQUEST POST https://cloudresourcemanager.googleapis.com/v1/projects/topmetrictechnologies:testIamPermissions  
 {"permissions":["firebase.projects.get","firebasehosting.sites.update"]}
[debug] [2021-06-12T08:06:37.458Z] <<< HTTP RESPONSE 200 {"content-type":"application/json; charset=UTF-8","vary":"X-Origin, Referer, Origin,Accept-Encoding","date":"Sat, 12 Jun 2021 08:06:37 GMT","server":"ESF","cache-control":"private","x-xss-protection":"0","x-frame-options":"SAMEORIGIN","x-content-type-options":"nosniff","server-timing":"gfet4t7; dur=1134","alt-svc":"h3=\":443\"; ma=2592000,h3-29=\":443\"; ma=2592000,h3-T051=\":443\"; ma=2592000,h3-Q050=\":443\"; ma=2592000,h3-Q046=\":443\"; ma=2592000,h3-Q043=\":443\"; ma=2592000,quic=\":443\"; ma=2592000; v=\"46,43\"","accept-ranges":"none","transfer-encoding":"chunked"}
[debug] [2021-06-12T08:06:37.461Z] > refreshing access token with scopes: []
[debug] [2021-06-12T08:06:37.462Z] >>> HTTP REQUEST POST https://www.googleapis.com/oauth2/v3/token  
 <request body omitted>
[debug] [2021-06-12T08:06:37.629Z] <<< HTTP RESPONSE 200 {"date":"Sat, 12 Jun 2021 08:06:37 GMT","cache-control":"no-cache, no-store, max-age=0, must-revalidate","pragma":"no-cache","expires":"Mon, 01 Jan 1990 00:00:00 GMT","content-type":"application/json; charset=utf-8","vary":"X-Origin, Referer, Origin,Accept-Encoding","server":"scaffolding on HTTPServer2","x-xss-protection":"0","x-frame-options":"SAMEORIGIN","x-content-type-options":"nosniff","alt-svc":"h3=\":443\"; ma=2592000,h3-29=\":443\"; ma=2592000,h3-T051=\":443\"; ma=2592000,h3-Q050=\":443\"; ma=2592000,h3-Q046=\":443\"; ma=2592000,h3-Q043=\":443\"; ma=2592000,quic=\":443\"; ma=2592000; v=\"46,43\"","accept-ranges":"none","transfer-encoding":"chunked"}
[debug] [2021-06-12T08:06:37.642Z] >>> [apiv2][query] GET https://firebase.googleapis.com/v1beta1/projects/topmetrictechnologies [none]
[debug] [2021-06-12T08:06:38.184Z] <<< [apiv2][status] GET https://firebase.googleapis.com/v1beta1/projects/topmetrictechnologies 200
[debug] [2021-06-12T08:06:38.185Z] <<< [apiv2][body] GET https://firebase.googleapis.com/v1beta1/projects/topmetrictechnologies {"projectId":"topmetrictechnologies","projectNumber":"672401291872","displayName":"TopmetricTechnologies","name":"projects/topmetrictechnologies","resources":{"hostingSite":"topmetrictechnologies"},"state":"ACTIVE"}
[info] 
[info] === Deploying to 'topmetrictechnologies'...
[info] 
[info] i  deploying hosting 
[debug] [2021-06-12T08:06:38.192Z] > refreshing access token with scopes: ["email","https://www.googleapis.com/auth/cloud-platform","https://www.googleapis.com/auth/cloudplatformprojects.readonly","https://www.googleapis.com/auth/firebase","openid"]
[debug] [2021-06-12T08:06:38.193Z] >>> HTTP REQUEST POST https://www.googleapis.com/oauth2/v3/token  
 <request body omitted>
[debug] [2021-06-12T08:06:38.372Z] <<< HTTP RESPONSE 200 {"expires":"Mon, 01 Jan 1990 00:00:00 GMT","cache-control":"no-cache, no-store, max-age=0, must-revalidate","date":"Sat, 12 Jun 2021 08:06:38 GMT","pragma":"no-cache","content-type":"application/json; charset=utf-8","vary":"X-Origin, Referer, Origin,Accept-Encoding","server":"scaffolding on HTTPServer2","x-xss-protection":"0","x-frame-options":"SAMEORIGIN","x-content-type-options":"nosniff","alt-svc":"h3=\":443\"; ma=2592000,h3-29=\":443\"; ma=2592000,h3-T051=\":443\"; ma=2592000,h3-Q050=\":443\"; ma=2592000,h3-Q046=\":443\"; ma=2592000,h3-Q043=\":443\"; ma=2592000,quic=\":443\"; ma=2592000; v=\"46,43\"","accept-ranges":"none","transfer-encoding":"chunked"}
[debug] [2021-06-12T08:06:38.389Z] >>> HTTP REQUEST POST https://firebasehosting.googleapis.com/v1beta1/sites/topmetrictechnologies/versions  
 {"config":{"rewrites":[{"glob":"**","path":"/index.html"}]},"labels":{"deployment-tool":"cli-firebase"}}
